{"level": "INFO", "time": "2026-06-02 14:43:42,168", "logger": "django.utils.autoreload", "message": "Watching for file changes with StatReloader"}
{"level": "INFO", "time": "2026-06-02 14:44:39,012", "logger": "django.utils.autoreload", "message": "/Users/sasakrasnokutskij/PycharmProjects/DjangoBookStore/users/views.py changed, reloading."}
{"level": "INFO", "time": "2026-06-02 14:44:39,960", "logger": "django.utils.autoreload", "message": "Watching for file changes with StatReloader"}
{"level": "INFO", "time": "2026-06-02 14:46:17,447", "logger": "django.utils.autoreload", "message": "/Users/sasakrasnokutskij/PycharmProjects/DjangoBookStore/users/views.py changed, reloading."}
{"level": "INFO", "time": "2026-06-02 14:46:17,793", "logger": "django.utils.autoreload", "message": "Watching for file changes with StatReloader"}
{"level": "INFO", "time": "2026-06-02 14:46:29,020", "logger": "django.utils.autoreload", "message": "/Users/sasakrasnokutskij/PycharmProjects/DjangoBookStore/users/views.py changed, reloading."}
{"level": "INFO", "time": "2026-06-02 14:46:29,347", "logger": "django.utils.autoreload", "message": "Watching for file changes with StatReloader"}
{"level": "INFO", "time": "2026-06-02 14:46:47,678", "logger": "django.utils.autoreload", "message": "/Users/sasakrasnokutskij/PycharmProjects/DjangoBookStore/users/views.py changed, reloading."}
{"level": "INFO", "time": "2026-06-02 14:46:47,991", "logger": "django.utils.autoreload", "message": "Watching for file changes with StatReloader"}
{"level": "INFO", "time": "2026-06-02 14:47:12,327", "logger": "django.utils.autoreload", "message": "/Users/sasakrasnokutskij/PycharmProjects/DjangoBookStore/users/views.py changed, reloading."}
{"level": "INFO", "time": "2026-06-02 14:47:12,648", "logger": "django.utils.autoreload", "message": "Watching for file changes with StatReloader"}
{"level": "INFO", "time": "2026-06-02 14:47:12,654", "logger": "users.views", "message": "залагинился "}
{"level": "INFO", "time": "2026-06-02 14:50:41,841", "logger": "django.server", "message": ""GET /all-books/4 HTTP/1.1" 200 18993"}
{"level": "INFO", "time": "2026-06-02 14:50:42,990", "logger": "django.server", "message": ""GET /__debug__/render_panel/?request_id=7834656e108a4d91aa456292fe6437b3&panel_id=RequestPanel HTTP/1.1" 200 956"}
{"level": "INFO", "time": "2026-06-02 14:52:20,183", "logger": "django.utils.autoreload", "message": "/Users/sasakrasnokutskij/PycharmProjects/DjangoBookStore/users/views.py changed, reloading."}
{"level": "INFO", "time": "2026-06-02 14:52:20,595", "logger": "django.utils.autoreload", "message": "Watching for file changes with StatReloader"}
{"level": "INFO", "time": "2026-06-02 14:53:05,323", "logger": "django.utils.autoreload", "message": "/Users/sasakrasnokutskij/PycharmProjects/DjangoBookStore/users/views.py changed, reloading."}
{"level": "INFO", "time": "2026-06-02 14:53:05,733", "logger": "django.utils.autoreload", "message": "Watching for file changes with StatReloader"}
{"level": "INFO", "time": "2026-06-02 14:53:26,035", "logger": "django.utils.autoreload", "message": "/Users/sasakrasnokutskij/PycharmProjects/DjangoBookStore/users/views.py changed, reloading."}
{"level": "INFO", "time": "2026-06-02 14:53:26,387", "logger": "django.utils.autoreload", "message": "Watching for file changes with StatReloader"}
{"level": "INFO", "time": "2026-06-02 14:54:48,552", "logger": "django.utils.autoreload", "message": "/Users/sasakrasnokutskij/PycharmProjects/DjangoBookStore/users/views.py changed, reloading."}
{"level": "INFO", "time": "2026-06-02 14:54:48,916", "logger": "django.utils.autoreload", "message": "Watching for file changes with StatReloader"}
{"level": "INFO", "time": "2026-06-02 14:55:03,234", "logger": "django.utils.autoreload", "message": "/Users/sasakrasnokutskij/PycharmProjects/DjangoBookStore/users/views.py changed, reloading."}
{"level": "INFO", "time": "2026-06-02 14:55:03,549", "logger": "django.utils.autoreload", "message": "Watching for file changes with StatReloader"}
{"level": "INFO", "time": "2026-06-02 14:56:01,601", "logger": "django.utils.autoreload", "message": "/Users/sasakrasnokutskij/PycharmProjects/DjangoBookStore/users/views.py changed, reloading."}
{"level": "INFO", "time": "2026-06-02 14:56:01,946", "logger": "django.utils.autoreload", "message": "Watching for file changes with StatReloader"}
{"level": "INFO", "time": "2026-06-02 14:56:44,633", "logger": "django.utils.autoreload", "message": "/Users/sasakrasnokutskij/PycharmProjects/DjangoBookStore/users/views.py changed, reloading."}
{"level": "INFO", "time": "2026-06-02 14:56:44,997", "logger": "django.utils.autoreload", "message": "Watching for file changes with StatReloader"}
{"level": "INFO", "time": "2026-06-02 14:56:55,285", "logger": "django.utils.autoreload", "message": "/Users/sasakrasnokutskij/PycharmProjects/DjangoBookStore/users/views.py changed, reloading."}
{"level": "INFO", "time": "2026-06-02 14:56:55,585", "logger": "django.utils.autoreload", "message": "Watching for file changes with StatReloader"}
{"level": "INFO", "time": "2026-06-02 14:57:00,717", "logger": "django.utils.autoreload", "message": "/Users/sasakrasnokutskij/PycharmProjects/DjangoBookStore/users/views.py changed, reloading."}
{"level": "INFO", "time": "2026-06-02 14:57:01,032", "logger": "django.utils.autoreload", "message": "Watching for file changes with StatReloader"}
{"level": "INFO", "time": "2026-06-02 15:01:39,376", "logger": "django.utils.autoreload", "message": "/Users/sasakrasnokutskij/PycharmProjects/DjangoBookStore/users/views.py changed, reloading."}
{"level": "INFO", "time": "2026-06-02 15:01:39,828", "logger": "django.utils.autoreload", "message": "Watching for file changes with StatReloader"}
{"level": "INFO", "time": "2026-06-02 15:01:57,150", "logger": "django.utils.autoreload", "message": "/Users/sasakrasnokutskij/PycharmProjects/DjangoBookStore/users/views.py changed, reloading."}
{"level": "INFO", "time": "2026-06-02 15:01:57,458", "logger": "django.utils.autoreload", "message": "Watching for file changes with StatReloader"}
{"level": "INFO", "time": "2026-06-02 15:03:03,490", "logger": "django.utils.autoreload", "message": "/Users/sasakrasnokutskij/PycharmProjects/DjangoBookStore/users/views.py changed, reloading."}
{"level": "INFO", "time": "2026-06-02 15:03:03,849", "logger": "django.utils.autoreload", "message": "Watching for file changes with StatReloader"}
{"level": "INFO", "time": "2026-06-03 19:25:30,605", "logger": "django.utils.autoreload", "message": "Watching for file changes with StatReloader"}
{"level": "INFO", "time": "2026-06-03 19:25:31,426", "logger": "django.server", "message": ""GET / HTTP/1.1" 200 17088"}
{"level": "INFO", "time": "2026-06-03 19:25:31,495", "logger": "django.server", "message": ""GET /static/css/style.css HTTP/1.1" 304 0"}
{"level": "INFO", "time": "2026-06-03 19:25:31,496", "logger": "django.server", "message": ""GET /static/debug_toolbar/css/toolbar.css HTTP/1.1" 304 0"}
{"level": "INFO", "time": "2026-06-03 19:25:31,496", "logger": "django.server", "message": ""GET /static/debug_toolbar/js/toolbar.js HTTP/1.1" 304 0"}
{"level": "INFO", "time": "2026-06-03 19:25:31,503", "logger": "django.server", "message": ""GET /static/images/library-bg.jpg HTTP/1.1" 304 0"}
{"level": "INFO", "time": "2026-06-03 19:25:31,531", "logger": "django.server", "message": ""GET /static/debug_toolbar/css/print.css HTTP/1.1" 304 0"}
{"level": "INFO", "time": "2026-06-03 19:25:31,532", "logger": "django.server", "message": ""GET /static/debug_toolbar/js/utils.js HTTP/1.1" 304 0"}
{"level": "INFO", "time": "2026-06-03 19:38:21,637", "logger": "django.utils.autoreload", "message": "/Users/sasakrasnokutskij/PycharmProjects/DjangoBookStore/djangobookstore/settings.py changed, reloading."}
{"level": "INFO", "time": "2026-06-03 19:38:22,171", "logger": "django.utils.autoreload", "message": "Watching for file changes with StatReloader"}
{"level": "INFO", "time": "2026-06-03 19:38:37,479", "logger": "django.utils.autoreload", "message": "/Users/sasakrasnokutskij/PycharmProjects/DjangoBookStore/djangobookstore/settings.py changed, reloading."}
{"level": "INFO", "time": "2026-06-03 19:38:37,813", "logger": "django.utils.autoreload", "message": "Watching for file changes with StatReloader"}
{"level": "INFO", "time": "2026-06-03 19:43:04,658", "logger": "django.utils.autoreload", "message": "/Users/sasakrasnokutskij/PycharmProjects/DjangoBookStore/djangobookstore/settings.py changed, reloading."}
{"level": "INFO", "time": "2026-06-03 19:43:08,197", "logger": "users.middleware", "message": "{"event": "request_finished", "user": "anonymous", "method": "GET", "path": "/", "status_code": 200, "duration_ms": 8.22}"}
{"level": "INFO", "time": "2026-06-03 19:43:08,210", "logger": "users.middleware", "message": "{"event": "request_finished", "user": "anonymous", "method": "GET", "path": "/", "status_code": 200, "duration_ms": 23.41}"}
{"level": "INFO", "time": "2026-06-03 19:50:26,268", "logger": "users.middleware", "message": "{"event": "request_finished", "user": "anonymous", "method": "GET", "path": "/users/login/", "status_code": 200, "duration_ms": 11.6}"}
{"level": "INFO", "time": "2026-06-03 19:50:26,278", "logger": "users.middleware", "message": "{"event": "request_finished", "user": "anonymous", "method": "GET", "path": "/users/login/", "status_code": 200, "duration_ms": 24.35}"}
{"level": "INFO", "time": "2026-06-03 19:50:44,464", "logger": "users.middleware", "message": "{"event": "request_finished", "user": "anonymous", "method": "POST", "path": "/users/login/", "status_code": 200, "duration_ms": 154.72}"}
{"level": "INFO", "time": "2026-06-03 19:50:44,469", "logger": "users.middleware", "message": "{"event": "request_finished", "user": "anonymous", "method": "POST", "path": "/users/login/", "status_code": 200, "duration_ms": 160.83}"}
{"level": "INFO", "time": "2026-06-03 19:50:49,651", "logger": "users.middleware", "message": "{"event": "request_finished", "user": "anonymous", "method": "POST", "path": "/users/login/", "status_code": 200, "duration_ms": 132.14}"}
{"level": "INFO", "time": "2026-06-03 19:50:49,656", "logger": "users.middleware", "message": "{"event": "request_finished", "user": "anonymous", "method": "POST", "path": "/users/login/", "status_code": 200, "duration_ms": 138.3}"}
{"level": "INFO", "time": "2026-06-03 19:50:57,410", "logger": "users.middleware", "message": "{"event": "request_finished", "user": "anonymous", "method": "POST", "path": "/users/login/", "status_code": 200, "duration_ms": 137.62}"}
{"level": "INFO", "time": "2026-06-03 19:50:57,415", "logger": "users.middleware", "message": "{"event": "request_finished", "user": "anonymous", "method": "POST", "path": "/users/login/", "status_code": 200, "duration_ms": 144.25}"}
{"level": "INFO", "time": "2026-06-03 19:51:15,036", "logger": "users.middleware", "message": "{"event": "request_finished", "user": "anonymous", "method": "POST", "path": "/users/login/", "status_code": 200, "duration_ms": 138.8}"}
{"level": "INFO", "time": "2026-06-03 19:51:15,046", "logger": "users.middleware", "message": "{"event": "request_finished", "user": "anonymous", "method": "POST", "path": "/users/login/", "status_code": 200, "duration_ms": 149.84}"}
{"level": "INFO", "time": "2026-06-03 19:51:20,085", "logger": "users.middleware", "message": "{"event": "request_finished", "user": "anonymous", "method": "POST", "path": "/users/login/", "status_code": 200, "duration_ms": 136.35}"}
{"level": "INFO", "time": "2026-06-03 19:51:20,092", "logger": "users.middleware", "message": "{"event": "request_finished", "user": "anonymous", "method": "POST", "path": "/users/login/", "status_code": 200, "duration_ms": 145.1}"}
{"level": "INFO", "time": "2026-06-03 19:51:22,454", "logger": "users.middleware", "message": "{"event": "request_finished", "user": "anonymous", "method": "GET", "path": "/users/users/register/", "status_code": 200, "duration_ms": 9.56}"}
{"level": "INFO", "time": "2026-06-03 19:51:22,459", "logger": "users.middleware", "message": "{"event": "request_finished", "user": "anonymous", "method": "GET", "path": "/users/users/register/", "status_code": 200, "duration_ms": 15.44}"}
{"level": "INFO", "time": "2026-06-03 19:51:45,877", "logger": "users.middleware", "message": "{"event": "request_finished", "user": "anonymous", "method": "POST", "path": "/users/users/register/", "status_code": 302, "duration_ms": 161.58}"}
{"level": "INFO", "time": "2026-06-03 19:51:45,885", "logger": "users.middleware", "message": "{"event": "request_finished", "user": "anonymous", "method": "POST", "path": "/users/users/register/", "status_code": 302, "duration_ms": 170.43}"}
{"level": "INFO", "time": "2026-06-03 19:51:45,889", "logger": "users.middleware", "message": "{"event": "request_finished", "user": "anonymous", "method": "GET", "path": "/users/login/", "status_code": 200, "duration_ms": 1.44}"}
{"level": "INFO", "time": "2026-06-03 19:51:45,894", "logger": "users.middleware", "message": "{"event": "request_finished", "user": "anonymous", "method": "GET", "path": "/users/login/", "status_code": 200, "duration_ms": 6.37}"}
{"level": "INFO", "time": "2026-06-03 19:51:55,612", "logger": "users.views", "message": "User user2 logged in"}
{"level": "INFO", "time": "2026-06-03 19:51:55,619", "logger": "users.middleware", "message": "{"event": "request_finished", "user": "user2", "method": "POST", "path": "/users/login/", "status_code": 302, "duration_ms": 139.3}"}
{"level": "INFO", "time": "2026-06-03 19:51:55,624", "logger": "users.middleware", "message": "{"event": "request_finished", "user": "user2", "method": "POST", "path": "/users/login/", "status_code": 302, "duration_ms": 146.32}"}
{"level": "INFO", "time": "2026-06-03 19:51:55,633", "logger": "users.middleware", "message": "{"event": "request_finished", "user": "user2", "method": "GET", "path": "/", "status_code": 200, "duration_ms": 5.2}"}
{"level": "INFO", "time": "2026-06-03 19:51:55,637", "logger": "users.middleware", "message": "{"event": "request_finished", "user": "user2", "method": "GET", "path": "/", "status_code": 200, "duration_ms": 10.33}"}
{"level": "INFO", "time": "2026-06-03 19:54:48,506", "logger": "users.middleware", "message": "{"event": "request_finished", "user": "anonymous", "method": "POST", "path": "/users/logout/", "status_code": 302, "duration_ms": 9.46}"}
{"level": "INFO", "time": "2026-06-03 19:54:48,518", "logger": "users.middleware", "message": "{"event": "request_finished", "user": "anonymous", "method": "POST", "path": "/users/logout/", "status_code": 302, "duration_ms": 23.62}"}
{"level": "INFO", "time": "2026-06-03 19:54:48,524", "logger": "users.middleware", "message": "{"event": "request_finished", "user": "anonymous", "method": "GET", "path": "/", "status_code": 200, "duration_ms": 0.86}"}
{"level": "INFO", "time": "2026-06-03 19:54:48,535", "logger": "users.middleware", "message": "{"event": "request_finished", "user": "anonymous", "method": "GET", "path": "/", "status_code": 200, "duration_ms": 13.27}"}
{"level": "INFO", "time": "2026-06-03 19:54:49,350", "logger": "users.middleware", "message": "{"event": "request_finished", "user": "anonymous", "method": "GET", "path": "/users/login/", "status_code": 200, "duration_ms": 3.66}"}
{"level": "INFO", "time": "2026-06-03 19:54:49,356", "logger": "users.middleware", "message": "{"event": "request_finished", "user": "anonymous", "method": "GET", "path": "/users/login/", "status_code": 200, "duration_ms": 10.17}"}
{"level": "INFO", "time": "2026-06-03 19:55:00,486", "logger": "users.middleware", "message": "{"event": "request_finished", "user": "anonymous", "method": "GET", "path": "/users/users/register/", "status_code": 200, "duration_ms": 4.85}"}
{"level": "INFO", "time": "2026-06-03 19:55:00,493", "logger": "users.middleware", "message": "{"event": "request_finished", "user": "anonymous", "method": "GET", "path": "/users/users/register/", "status_code": 200, "duration_ms": 13.72}"}
{"level": "INFO", "time": "2026-06-03 19:57:46,531", "logger": "users.middleware", "message": "{"event": "request_finished", "user": "anonymous", "method": "GET", "path": "/", "status_code": 200, "duration_ms": 6.55}"}
{"level": "INFO", "time": "2026-06-03 19:57:46,549", "logger": "users.middleware", "message": "{"event": "request_finished", "user": "anonymous", "method": "GET", "path": "/", "status_code": 200, "duration_ms": 26.93}"}
{"level": "INFO", "time": "2026-06-03 19:57:48,593", "logger": "users.middleware", "message": "{"event": "request_finished", "user": "anonymous", "method": "GET", "path": "/users/login/", "status_code": 200, "duration_ms": 6.49}"}
{"level": "INFO", "time": "2026-06-03 19:57:48,599", "logger": "users.middleware", "message": "{"event": "request_finished", "user": "anonymous", "method": "GET", "path": "/users/login/", "status_code": 200, "duration_ms": 13.12}"}
{"level": "INFO", "time": "2026-06-03 19:58:11,232", "logger": "users.middleware", "message": "{"event": "request_finished", "user": "anonymous", "method": "GET", "path": "/users/users/register/", "status_code": 200, "duration_ms": 10.15}"}
{"level": "INFO", "time": "2026-06-03 19:58:11,239", "logger": "users.middleware", "message": "{"event": "request_finished", "user": "anonymous", "method": "GET", "path": "/users/users/register/", "status_code": 200, "duration_ms": 20.09}"}
{"level": "INFO", "time": "2026-06-03 20:03:22,251", "logger": "users.middleware", "message": "{"event": "request_finished", "user": "anonymous", "method": "GET", "path": "/", "status_code": 200, "duration_ms": 5.29}"}
{"level": "INFO", "time": "2026-06-03 20:03:22,261", "logger": "users.middleware", "message": "{"event": "request_finished", "user": "anonymous", "method": "GET", "path": "/", "status_code": 200, "duration_ms": 17.54}"}
{"level": "INFO", "time": "2026-06-03 20:03:24,235", "logger": "users.middleware", "message": "{"event": "request_finished", "user": "anonymous", "method": "GET", "path": "/users/login/", "status_code": 200, "duration_ms": 7.65}"}
{"level": "INFO", "time": "2026-06-03 20:03:24,240", "logger": "users.middleware", "message": "{"event": "request_finished", "user": "anonymous", "method": "GET", "path": "/users/login/", "status_code": 200, "duration_ms": 13.39}"}
{"level": "INFO", "time": "2026-06-03 20:04:40,794", "logger": "users.middleware", "message": "{"event": "request_finished", "user": "anonymous", "method": "GET", "path": "/", "status_code": 200, "duration_ms": 6.18}"}
{"level": "INFO", "time": "2026-06-03 20:04:40,805", "logger": "users.middleware", "message": "{"event": "request_finished", "user": "anonymous", "method": "GET", "path": "/", "status_code": 200, "duration_ms": 18.99}"}
{"level": "INFO", "time": "2026-06-03 20:04:42,196", "logger": "users.middleware", "message": "{"event": "request_finished", "user": "anonymous", "method": "GET", "path": "/users/login/", "status_code": 200, "duration_ms": 5.74}"}
{"level": "INFO", "time": "2026-06-03 20:04:42,201", "logger": "users.middleware", "message": "{"event": "request_finished", "user": "anonymous", "method": "GET", "path": "/users/login/", "status_code": 200, "duration_ms": 11.4}"}
{"level": "INFO", "time": "2026-06-03 20:04:50,700", "logger": "users.middleware", "message": "{"event": "request_finished", "user": "anonymous", "method": "GET", "path": "/users/register/", "status_code": 200, "duration_ms": 10.76}"}
{"level": "INFO", "time": "2026-06-03 20:04:50,706", "logger": "users.middleware", "message": "{"event": "request_finished", "user": "anonymous", "method": "GET", "path": "/users/register/", "status_code": 200, "duration_ms": 19.42}"}
{"level": "INFO", "time": "2026-06-03 20:09:03,713", "logger": "users.middleware", "message": "{"event": "request_finished", "user": "anonymous", "method": "GET", "path": "/", "status_code": 200, "duration_ms": 10.81}"}
{"level": "INFO", "time": "2026-06-03 20:09:03,726", "logger": "users.middleware", "message": "{"event": "request_finished", "user": "anonymous", "method": "GET", "path": "/", "status_code": 200, "duration_ms": 27.51}"}
{"level": "INFO", "time": "2026-06-03 20:09:04,981", "logger": "users.middleware", "message": "{"event": "request_finished", "user": "anonymous", "method": "GET", "path": "/categories/", "status_code": 200, "duration_ms": 35.72}"}
{"level": "INFO", "time": "2026-06-03 20:09:04,986", "logger": "users.middleware", "message": "{"event": "request_finished", "user": "anonymous", "method": "GET", "path": "/categories/", "status_code": 200, "duration_ms": 42.29}"}
{"level": "INFO", "time": "2026-06-03 20:09:06,036", "logger": "users.middleware", "message": "{"event": "request_finished", "user": "anonymous", "method": "GET", "path": "/categories/games/", "status_code": 200, "duration_ms": 4.87}"}
{"level": "INFO", "time": "2026-06-03 20:09:06,041", "logger": "users.middleware", "message": "{"event": "request_finished", "user": "anonymous", "method": "GET", "path": "/categories/games/", "status_code": 200, "duration_ms": 10.55}"}
{"level": "INFO", "time": "2026-06-03 20:09:07,169", "logger": "users.middleware", "message": "{"event": "request_finished", "user": "anonymous", "method": "GET", "path": "/all-books/4", "status_code": 200, "duration_ms": 3.38}"}
{"level": "INFO", "time": "2026-06-03 20:09:07,174", "logger": "users.middleware", "message": "{"event": "request_finished", "user": "anonymous", "method": "GET", "path": "/all-books/4", "status_code": 200, "duration_ms": 8.53}"}
{"level": "INFO", "time": "2026-06-03 20:09:09,130", "logger": "users.middleware", "message": "{"event": "request_finished", "user": "anonymous", "method": "GET", "path": "/users/login/", "status_code": 200, "duration_ms": 4.88}"}
{"level": "INFO", "time": "2026-06-03 20:09:09,137", "logger": "users.middleware", "message": "{"event": "request_finished", "user": "anonymous", "method": "GET", "path": "/users/login/", "status_code": 200, "duration_ms": 11.81}"}
{"level": "INFO", "time": "2026-06-03 20:09:52,425", "logger": "users.middleware", "message": "{"event": "request_finished", "user": "anonymous", "method": "GET", "path": "/", "status_code": 200, "duration_ms": 10.41}"}
{"level": "INFO", "time": "2026-06-03 20:09:52,437", "logger": "users.middleware", "message": "{"event": "request_finished", "user": "anonymous", "method": "GET", "path": "/", "status_code": 200, "duration_ms": 26.09}"}
{"level": "INFO", "time": "2026-06-03 20:09:53,753", "logger": "users.middleware", "message": "{"event": "request_finished", "user": "anonymous", "method": "GET", "path": "/", "status_code": 200, "duration_ms": 1.17}"}
{"level": "INFO", "time": "2026-06-03 20:09:53,759", "logger": "users.middleware", "message": "{"event": "request_finished", "user": "anonymous", "method": "GET", "path": "/", "status_code": 200, "duration_ms": 8.77}"}
{"level": "INFO", "time": "2026-06-03 20:09:54,603", "logger": "users.middleware", "message": "{"event": "request_finished", "user": "anonymous", "method": "GET", "path": "/", "status_code": 200, "duration_ms": 1.52}"}
{"level": "INFO", "time": "2026-06-03 20:09:54,609", "logger": "users.middleware", "message": "{"event": "request_finished", "user": "anonymous", "method": "GET", "path": "/", "status_code": 200, "duration_ms": 8.82}"}
{"level": "INFO", "time": "2026-06-03 20:09:55,656", "logger": "users.middleware", "message": "{"event": "request_finished", "user": "anonymous", "method": "GET", "path": "/all-books/", "status_code": 200, "duration_ms": 43.35}"}
{"level": "INFO", "time": "2026-06-03 20:09:55,663", "logger": "users.middleware", "message": "{"event": "request_finished", "user": "anonymous", "method": "GET", "path": "/all-books/", "status_code": 200, "duration_ms": 51.67}"}
{"level": "INFO", "time": "2026-06-03 20:09:56,926", "logger": "users.middleware", "message": "{"event": "request_finished", "user": "anonymous", "method": "GET", "path": "/categories/", "status_code": 200, "duration_ms": 5.67}"}
{"level": "INFO", "time": "2026-06-03 20:09:56,931", "logger": "users.middleware", "message": "{"event": "request_finished", "user": "anonymous", "method": "GET", "path": "/categories/", "status_code": 200, "duration_ms": 12.08}"}
{"level": "INFO", "time": "2026-06-03 20:09:57,467", "logger": "users.middleware", "message": "{"event": "request_finished", "user": "anonymous", "method": "GET", "path": "/suggestions/", "status_code": 302, "duration_ms": 0.31}"}
{"level": "INFO", "time": "2026-06-03 20:09:57,471", "logger": "users.middleware", "message": "{"event": "request_finished", "user": "anonymous", "method": "GET", "path": "/suggestions/", "status_code": 302, "duration_ms": 4.98}"}
{"level": "INFO", "time": "2026-06-03 20:09:57,479", "logger": "users.middleware", "message": "{"event": "request_finished", "user": "anonymous", "method": "GET", "path": "/users/login/", "status_code": 200, "duration_ms": 4.57}"}
{"level": "INFO", "time": "2026-06-03 20:09:57,484", "logger": "users.middleware", "message": "{"event": "request_finished", "user": "anonymous", "method": "GET", "path": "/users/login/", "status_code": 200, "duration_ms": 9.89}"}
{"level": "INFO", "time": "2026-06-03 20:10:49,792", "logger": "users.middleware", "message": "{"event": "request_finished", "user": "anonymous", "method": "GET", "path": "/all-books/4", "status_code": 200, "duration_ms": 8.79}"}
{"level": "INFO", "time": "2026-06-03 20:10:49,801", "logger": "users.middleware", "message": "{"event": "request_finished", "user": "anonymous", "method": "GET", "path": "/all-books/4", "status_code": 200, "duration_ms": 20.09}"}
{"level": "INFO", "time": "2026-06-03 20:10:50,704", "logger": "users.middleware", "message": "{"event": "request_finished", "user": "anonymous", "method": "GET", "path": "/", "status_code": 200, "duration_ms": 0.91}"}
{"level": "INFO", "time": "2026-06-03 20:10:50,711", "logger": "users.middleware", "message": "{"event": "request_finished", "user": "anonymous", "method": "GET", "path": "/", "status_code": 200, "duration_ms": 8.4}"}
{"level": "INFO", "time": "2026-06-03 20:12:07,208", "logger": "users.middleware", "message": "{"event": "request_finished", "user": "anonymous", "method": "GET", "path": "/", "status_code": 200, "duration_ms": 5.53}"}
{"level": "INFO", "time": "2026-06-03 20:12:07,227", "logger": "users.middleware", "message": "{"event": "request_finished", "user": "anonymous", "method": "GET", "path": "/", "status_code": 200, "duration_ms": 26.16}"}
{"level": "INFO", "time": "2026-06-03 20:12:09,014", "logger": "users.middleware", "message": "{"event": "request_finished", "user": "anonymous", "method": "GET", "path": "/users/login/", "status_code": 200, "duration_ms": 6.83}"}
{"level": "INFO", "time": "2026-06-03 20:12:09,019", "logger": "users.middleware", "message": "{"event": "request_finished", "user": "anonymous", "method": "GET", "path": "/users/login/", "status_code": 200, "duration_ms": 12.39}"}
{"level": "INFO", "time": "2026-06-03 20:15:54,873", "logger": "users.middleware", "message": "{"event": "request_finished", "user": "anonymous", "method": "GET", "path": "/users/login/", "status_code": 200, "duration_ms": 7.68}"}
{"level": "INFO", "time": "2026-06-03 20:15:54,884", "logger": "users.middleware", "message": "{"event": "request_finished", "user": "anonymous", "method": "GET", "path": "/users/login/", "status_code": 200, "duration_ms": 21.02}"}
{"level": "INFO", "time": "2026-06-03 20:16:52,224", "logger": "users.middleware", "message": "{"event": "request_finished", "user": "anonymous", "method": "GET", "path": "/users/login/", "status_code": 200, "duration_ms": 6.33}"}
{"level": "INFO", "time": "2026-06-03 20:16:52,235", "logger": "users.middleware", "message": "{"event": "request_finished", "user": "anonymous", "method": "GET", "path": "/users/login/", "status_code": 200, "duration_ms": 21.72}"}
{"level": "INFO", "time": "2026-06-03 20:16:54,943", "logger": "users.middleware", "message": "{"event": "request_finished", "user": "anonymous", "method": "GET", "path": "/users/login/", "status_code": 200, "duration_ms": 1.22}"}
{"level": "INFO", "time": "2026-06-03 20:16:54,949", "logger": "users.middleware", "message": "{"event": "request_finished", "user": "anonymous", "method": "GET", "path": "/users/login/", "status_code": 200, "duration_ms": 8.13}"}
{"level": "INFO", "time": "2026-06-03 20:16:57,874", "logger": "users.middleware", "message": "{"event": "request_finished", "user": "anonymous", "method": "GET", "path": "/users/register/", "status_code": 200, "duration_ms": 9.91}"}
{"level": "INFO", "time": "2026-06-03 20:16:57,879", "logger": "users.middleware", "message": "{"event": "request_finished", "user": "anonymous", "method": "GET", "path": "/users/register/", "status_code": 200, "duration_ms": 15.97}"}
{"level": "INFO", "time": "2026-06-03 20:17:03,191", "logger": "users.middleware", "message": "{"event": "request_finished", "user": "anonymous", "method": "GET", "path": "/all-books/", "status_code": 200, "duration_ms": 30.99}"}
{"level": "INFO", "time": "2026-06-03 20:17:03,197", "logger": "users.middleware", "message": "{"event": "request_finished", "user": "anonymous", "method": "GET", "path": "/all-books/", "status_code": 200, "duration_ms": 38.26}"}
{"level": "INFO", "time": "2026-06-03 20:17:04,219", "logger": "users.middleware", "message": "{"event": "request_finished", "user": "anonymous", "method": "GET", "path": "/", "status_code": 200, "duration_ms": 1.9}"}
{"level": "INFO", "time": "2026-06-03 20:17:04,225", "logger": "users.middleware", "message": "{"event": "request_finished", "user": "anonymous", "method": "GET", "path": "/", "status_code": 200, "duration_ms": 9.27}"}
{"level": "INFO", "time": "2026-06-03 20:17:06,506", "logger": "users.middleware", "message": "{"event": "request_finished", "user": "anonymous", "method": "GET", "path": "/users/login/", "status_code": 200, "duration_ms": 3.83}"}
{"level": "INFO", "time": "2026-06-03 20:17:06,511", "logger": "users.middleware", "message": "{"event": "request_finished", "user": "anonymous", "method": "GET", "path": "/users/login/", "status_code": 200, "duration_ms": 9.85}"}
{"level": "INFO", "time": "2026-06-03 20:17:08,371", "logger": "users.middleware", "message": "{"event": "request_finished", "user": "anonymous", "method": "GET", "path": "/users/register/", "status_code": 200, "duration_ms": 2.55}"}
{"level": "INFO", "time": "2026-06-03 20:17:08,376", "logger": "users.middleware", "message": "{"event": "request_finished", "user": "anonymous", "method": "GET", "path": "/users/register/", "status_code": 200, "duration_ms": 8.93}"}
{"level": "INFO", "time": "2026-06-03 20:17:10,983", "logger": "users.middleware", "message": "{"event": "request_finished", "user": "anonymous", "method": "GET", "path": "/", "status_code": 200, "duration_ms": 0.91}"}
{"level": "INFO", "time": "2026-06-03 20:17:10,989", "logger": "users.middleware", "message": "{"event": "request_finished", "user": "anonymous", "method": "GET", "path": "/", "status_code": 200, "duration_ms": 8.72}"}
